Compiled jquery.js  (4ms)  (pid 5460)
Compiled jquery_ujs.js  (1ms)  (pid 5460)
Compiled map.js  (0ms)  (pid 5460)
Compiled parser.js  (1550ms)  (pid 5460)
Compiled application.js  (1795ms)  (pid 5460)
Compiled jquery.js  (6ms)  (pid 5499)
Compiled jquery_ujs.js  (1ms)  (pid 5499)
Compiled parser.js  (639ms)  (pid 5499)
Compiled application.js  (751ms)  (pid 5499)
Compiled map.css  (1251ms)  (pid 5499)
Compiled parser.css  (3ms)  (pid 5499)
Compiled application.css  (1380ms)  (pid 5499)
Compiled jquery.js  (6ms)  (pid 5499)
Compiled jquery_ujs.js  (1ms)  (pid 5499)
Compiled parser.js  (618ms)  (pid 5499)
Compiled application.js  (729ms)  (pid 5499)
Compiled map.css  (105ms)  (pid 5499)
Compiled parser.css  (1ms)  (pid 5499)
Compiled application.css  (123ms)  (pid 5499)
Compiled jquery.js  (6ms)  (pid 5582)
Compiled jquery_ujs.js  (0ms)  (pid 5582)
Compiled map.js  (0ms)  (pid 5582)
Compiled parser.js  (729ms)  (pid 5582)
Compiled application.js  (827ms)  (pid 5582)
Compiled jquery.js  (3ms)  (pid 5676)
Compiled jquery_ujs.js  (1ms)  (pid 5676)
Compiled map.js  (0ms)  (pid 5676)
Compiled parser.js  (1423ms)  (pid 5676)
Compiled application.js  (1627ms)  (pid 5676)
Compiled jquery.js  (6ms)  (pid 5829)
Compiled jquery_ujs.js  (1ms)  (pid 5829)
Compiled map.js  (0ms)  (pid 5829)
Compiled parser.js  (1279ms)  (pid 5829)
Compiled application.js  (1505ms)  (pid 5829)
Compiled map.css  (423ms)  (pid 5829)
Compiled parser.css  (1ms)  (pid 5829)
Compiled application.css  (494ms)  (pid 5829)
Compiled jquery.js  (3ms)  (pid 5829)
Compiled jquery_ujs.js  (0ms)  (pid 5829)
Compiled map.js  (0ms)  (pid 5829)
Compiled parser.js  (568ms)  (pid 5829)
Compiled application.js  (640ms)  (pid 5829)
Compiled map.css  (185ms)  (pid 5829)
Compiled parser.css  (46ms)  (pid 5829)
Compiled application.css  (329ms)  (pid 5829)
Compiled jquery.js  (4ms)  (pid 6128)
Compiled jquery_ujs.js  (1ms)  (pid 6128)
Compiled map.js  (0ms)  (pid 6128)
Compiled parser.js  (1755ms)  (pid 6128)
Compiled application.js  (2201ms)  (pid 6128)
Compiled map.css  (1386ms)  (pid 6128)
Compiled parser.css  (2ms)  (pid 6128)
Compiled application.css  (1613ms)  (pid 6128)
Compiled jquery.js  (6ms)  (pid 6128)
Compiled jquery_ujs.js  (1ms)  (pid 6128)
Compiled map.js  (0ms)  (pid 6128)
Compiled parser.js  (1136ms)  (pid 6128)
Compiled application.js  (1362ms)  (pid 6128)
Compiled map.css  (212ms)  (pid 6128)
Compiled parser.css  (2ms)  (pid 6128)
Compiled application.css  (319ms)  (pid 6128)
Compiled jquery.js  (6ms)  (pid 6350)
Compiled jquery_ujs.js  (0ms)  (pid 6350)
Compiled map.js  (0ms)  (pid 6350)
Compiled parser.js  (2058ms)  (pid 6350)
Compiled application.js  (2327ms)  (pid 6350)
Compiled map.css  (125ms)  (pid 6350)
Compiled parser.css  (2ms)  (pid 6350)
Compiled application.css  (190ms)  (pid 6350)
Compiled jquery.js  (6ms)  (pid 6350)
Compiled jquery_ujs.js  (0ms)  (pid 6350)
Compiled map.js  (0ms)  (pid 6350)
Compiled parser.js  (603ms)  (pid 6350)
Compiled application.js  (706ms)  (pid 6350)
Compiled map.css  (244ms)  (pid 6350)
Compiled parser.css  (2ms)  (pid 6350)
Compiled application.css  (307ms)  (pid 6350)
